pagoefectivosdk/build/outputs/mapping/release/seeds.txt
pe.elcomercio.pagoefectivosdk.R$string: int app_name
pe.elcomercio.pagoefectivosdk.cip.usermodel.CipEntity: java.lang.String transactionCode
pe.elcomercio.pagoefectivosdk.models.ErrorResponse$DataBean: java.lang.String getField()
pe.elcomercio.pagoefectivosdk.models.GetTokenResponse: java.lang.String message
pe.elcomercio.pagoefectivosdk.models.GenerateCipRequest: void setUserPhone(java.lang.String)
pe.elcomercio.pagoefectivosdk.R$string: int object_not_null
pe.elcomercio.pagoefectivosdk.PagoEfectivoApp: android.content.Context context
pe.elcomercio.pagoefectivosdk.cip.usermodel.CipEntity: java.lang.String getCurrency()
pe.elcomercio.pagoefectivosdk.cip.usermodel.CipSearch: java.lang.String transactionCode
pe.elcomercio.pagoefectivosdk.cip.usermodel.CipEntity: java.lang.String getDateExpiry()
pe.elcomercio.pagoefectivosdk.models.GenerateCipRequest: java.lang.String userCountry
pe.elcomercio.pagoefectivosdk.cip.usermodel.CipRequest: void setAdminEmail(java.lang.String)
pe.elcomercio.pagoefectivosdk.cip.usermodel.CipSearch: double getAmount()
pe.elcomercio.pagoefectivosdk.models.GenerateCipResponse$DataBean: void setAmount(double)
pe.elcomercio.pagoefectivosdk.models.GenerateCipResponse$DataBean: int cip
pe.elcomercio.pagoefectivosdk.models.GenerateCipRequest
pe.elcomercio.pagoefectivosdk.cip.usermodel.CipRequest: CipRequest()
pe.elcomercio.pagoefectivosdk.models.GenerateCipResponse: void setCode(java.lang.String)
pe.elcomercio.pagoefectivosdk.cip.usermodel.CipEntity: CipEntity(int,java.lang.String,java.lang.String,java.lang.String,double,java.lang.String)
pe.elcomercio.pagoefectivosdk.util.DocumentType: DocumentType(java.lang.String,int,java.lang.String)
pe.elcomercio.pagoefectivosdk.models.GenerateCipRequest: void setUserDocumentNumber(java.lang.String)
pe.elcomercio.pagoefectivosdk.cip.usermodel.CipRequest: void setUserDocumentType(pe.elcomercio.pagoefectivosdk.util.DocumentType)
pe.elcomercio.pagoefectivosdk.cip.usermodel.CipRequest: java.lang.String userUbigeo
pe.elcomercio.pagoefectivosdk.models.GenerateCipRequest: java.lang.String userDocumentType
pe.elcomercio.pagoefectivosdk.models.GenerateCipResponse$DataBean: java.lang.String currency
pe.elcomercio.pagoefectivosdk.cip.usermodel.CipEntity: java.lang.String currency
pe.elcomercio.pagoefectivosdk.cip.usermodel.CipRequest: java.lang.String getUserEmail()
pe.elcomercio.pagoefectivosdk.models.GenerateCipRequest: java.lang.String additionalData
pe.elcomercio.pagoefectivosdk.cip.usermodel.CipRequest: java.lang.String adminEmail
pe.elcomercio.pagoefectivosdk.R$string
pe.elcomercio.pagoefectivosdk.cip.usermodel.CipEntity: java.lang.String cipUrl
pe.elcomercio.pagoefectivosdk.util.Currency: java.lang.String currency
pe.elcomercio.pagoefectivosdk.models.ErrorResponse$DataBean: java.lang.String getMessage()
pe.elcomercio.pagoefectivosdk.cip.usermodel.CipRequest: void setAdditionalData(java.lang.String)
pe.elcomercio.pagoefectivosdk.util.DocumentType: java.lang.String toString()
pe.elcomercio.pagoefectivosdk.models.ErrorResponse$DataBean: void setCode(int)
pe.elcomercio.pagoefectivosdk.cip.usermodel.CipSearch: double amount
pe.elcomercio.pagoefectivosdk.models.GenerateCipRequest: java.lang.String currency
pe.elcomercio.pagoefectivosdk.cip.usermodel.CipRequest: void setServiceId(int)
pe.elcomercio.pagoefectivosdk.PagoEfectivoApp: void setSandBox(boolean)
pe.elcomercio.pagoefectivosdk.models.GenerateCipRequest: java.lang.String getDateExpiry()
pe.elcomercio.pagoefectivosdk.models.GenerateCipRequest: void setUserEmail(java.lang.String)
pe.elcomercio.pagoefectivosdk.models.ErrorResponse: void setData(java.util.List)
pe.elcomercio.pagoefectivosdk.models.GenerateCipRequest: void setDateExpiry(java.lang.String)
pe.elcomercio.pagoefectivosdk.cip.usermodel.CipSearch: void setTransactionCode(java.lang.String)
pe.elcomercio.pagoefectivosdk.models.GenerateCipResponse
pe.elcomercio.pagoefectivosdk.util.DocumentType: pe.elcomercio.pagoefectivosdk.util.DocumentType PARTIDA_NACIMIENTO