pagoefectivosdk/build/outputs/mapping/release/usage.txt
pe.elcomercio.pagoefectivosdk.util.HeadersConstant
pe.elcomercio.pagoefectivosdk.cip.CipPresenter
pe.elcomercio.pagoefectivosdk.cip.CipHelper:
    private void <init>()
    public static java.util.List validateSearchCipListRequestObject(java.util.List,android.content.Context)
pe.elcomercio.pagoefectivosdk.util.DateTimeUtils:
    private void <init>()
pe.elcomercio.pagoefectivosdk.api.ApiHelper:
    private void <init>()
pe.elcomercio.pagoefectivosdk.BuildConfig
pe.elcomercio.pagoefectivosdk.api.ErrorUtil:
    private void <init>()
pe.elcomercio.pagoefectivosdk.util.Constant
pe.elcomercio.pagoefectivosdk.util.RegexValidator:
    private void <init>()
pe.elcomercio.pagoefectivosdk.util.Helper:
    private void <init>()
    public static boolean isIdServiceValid(int)
    public static boolean validateEmail(java.lang.String)
    public static int numberOfDecimal(double)
    public static boolean isDecimal(java.lang.String)
    public static java.util.Calendar convertTimestampToCalendar(java.lang.String)
    public static boolean isValidDateFormat(java.lang.String,java.lang.String)
pe.elcomercio.pagoefectivosdk.api.PagoEfectivoApiManager:
    private void <init>()
pe.elcomercio.pagoefectivosdk.util.LogUtil:
    private void <init>()
    public static void d(java.lang.String,java.lang.String)
    public static void i(java.lang.String,java.lang.String)
    public static void w(java.lang.String,java.lang.String)
pe.elcomercio.pagoefectivosdk.cip.CipInteractorImpl$1:
    final synthetic pe.elcomercio.pagoefectivosdk.cip.CipInteractorImpl this$0
pe.elcomercio.pagoefectivosdk.util.Helper:
    private static final java.util.regex.Pattern VALID_EMAIL_ADDRESS_REGEX
pe.elcomercio.pagoefectivosdk.auth.AuthInteractorImpl$1:
    final synthetic pe.elcomercio.pagoefectivosdk.auth.AuthInteractorImpl this$0